# JRE version: OpenJDK Runtime Environment Temurin-17.0.13+11 (17.0.13+11) (build 17.0.13+11)
# Java VM: OpenJDK 64-Bit Server VM Temurin-17.0.13+11 (17.0.13+11, mixed mode, tiered, compressed oops, compressed class ptrs, parallel gc, windows-amd64)
GC Precious Log:
 CPUs: 4 total, 4 available
 Memory: 8103M
 Large Page Support: Disabled
 NUMA Support: Disabled
 Compressed Oops: Enabled (32-bit)
 Alignments: Space 512K, Generation 512K, Heap 2M
 Heap Min Capacity: 100M
 Heap Initial Capacity: 100M
 Heap Max Capacity: 1G
 Pre-touch: Disabled
 Parallel Workers: 4
Heap:
 PSYoungGen      total 14336K, used 7797K [0x00000000eab00000, 0x00000000ebd00000, 0x0000000100000000)
  eden space 11264K, 45% used [0x00000000eab00000,0x00000000eb00c2f0,0x00000000eb600000)
  from space 3072K, 85% used [0x00000000eba00000,0x00000000ebc91270,0x00000000ebd00000)
  to   space 3072K, 0% used [0x00000000eb600000,0x00000000eb600000,0x00000000eb900000)
 ParOldGen       total 93696K, used 87217K [0x00000000c0000000, 0x00000000c5b80000, 0x00000000eab00000)
  object space 93696K, 93% used [0x00000000c0000000,0x00000000c552c7e8,0x00000000c5b80000)
 Metaspace       used 51366K, committed 52288K, reserved 1114112K
  class space    used 5382K, committed 5760K, reserved 1048576K
GC Heap History (20 events):
Event: 30.434 GC heap before
{Heap before GC invocations=33 (full 3):
 PSYoungGen      total 16384K, used 16375K [0x00000000eab00000, 0x00000000ec980000, 0x0000000100000000)
  eden space 12800K, 100% used [0x00000000eab00000,0x00000000eb780000,0x00000000eb780000)
  from space 3584K, 99% used [0x00000000ebf00000,0x00000000ec27de40,0x00000000ec280000)
  to   space 7680K, 0% used [0x00000000eb780000,0x00000000eb780000,0x00000000ebf00000)
 ParOldGen       total 68608K, used 66346K [0x00000000c0000000, 0x00000000c4300000, 0x00000000eab00000)
  object space 68608K, 96% used [0x00000000c0000000,0x00000000c40caa70,0x00000000c4300000)
 Metaspace       used 51198K, committed 52160K, reserved 1114112K
  class space    used 5400K, committed 5760K, reserved 1048576K
}
Event: 30.663 GC heap after
{Heap after GC invocations=33 (full 3):
 PSYoungGen      total 20480K, used 0K [0x00000000eab00000, 0x00000000ec680000, 0x0000000100000000)
  eden space 12800K, 0% used [0x00000000eab00000,0x00000000eab00000,0x00000000eb780000)
  from space 7680K, 0% used [0x00000000eb780000,0x00000000eb780000,0x00000000ebf00000)
  to   space 7680K, 0% used [0x00000000ebf00000,0x00000000ebf00000,0x00000000ec680000)
 ParOldGen       total 93696K, used 64781K [0x00000000c0000000, 0x00000000c5b80000, 0x00000000eab00000)
  object space 93696K, 69% used [0x00000000c0000000,0x00000000c3f435a8,0x00000000c5b80000)
 Metaspace       used 51153K, committed 52160K, reserved 1114112K
  class space    used 5371K, committed 5760K, reserved 1048576K
}
Event: 31.091 GC heap before
{Heap before GC invocations=34 (full 3):
 PSYoungGen      total 20480K, used 12800K [0x00000000eab00000, 0x00000000ec680000, 0x0000000100000000)
  eden space 12800K, 100% used [0x00000000eab00000,0x00000000eb780000,0x00000000eb780000)
  from space 7680K, 0% used [0x00000000eb780000,0x00000000eb780000,0x00000000ebf00000)
  to   space 7680K, 0% used [0x00000000ebf00000,0x00000000ebf00000,0x00000000ec680000)
 ParOldGen       total 93696K, used 64781K [0x00000000c0000000, 0x00000000c5b80000, 0x00000000eab00000)
  object space 93696K, 69% used [0x00000000c0000000,0x00000000c3f435a8,0x00000000c5b80000)
 Metaspace       used 51153K, committed 52160K, reserved 1114112K
  class space    used 5371K, committed 5760K, reserved 1048576K
}
Event: 31.094 GC heap after
{Heap after GC invocations=34 (full 3):
 PSYoungGen      total 15872K, used 3022K [0x00000000eab00000, 0x00000000ec200000, 0x0000000100000000)
  eden space 12800K, 0% used [0x00000000eab00000,0x00000000eab00000,0x00000000eb780000)
  from space 3072K, 98% used [0x00000000ebf00000,0x00000000ec1f3af8,0x00000000ec200000)
  to   space 4608K, 0% used [0x00000000eb900000,0x00000000eb900000,0x00000000ebd80000)
 ParOldGen       total 93696K, used 64781K [0x00000000c0000000, 0x00000000c5b80000, 0x00000000eab00000)
  object space 93696K, 69% used [0x00000000c0000000,0x00000000c3f435a8,0x00000000c5b80000)
 Metaspace       used 51153K, committed 52160K, reserved 1114112K
  class space    used 5371K, committed 5760K, reserved 1048576K
}
Event: 31.214 GC heap before
{Heap before GC invocations=35 (full 3):
 PSYoungGen      total 15872K, used 15822K [0x00000000eab00000, 0x00000000ec200000, 0x0000000100000000)
  eden space 12800K, 100% used [0x00000000eab00000,0x00000000eb780000,0x00000000eb780000)
  from space 3072K, 98% used [0x00000000ebf00000,0x00000000ec1f3af8,0x00000000ec200000)
  to   space 4608K, 0% used [0x00000000eb900000,0x00000000eb900000,0x00000000ebd80000)
 ParOldGen       total 93696K, used 64781K [0x00000000c0000000, 0x00000000c5b80000, 0x00000000eab00000)
  object space 93696K, 69% used [0x00000000c0000000,0x00000000c3f435a8,0x00000000c5b80000)
 Metaspace       used 51153K, committed 52160K, reserved 1114112K
  class space    used 5371K, committed 5760K, reserved 1048576K
}
Event: 31.219 GC heap after
{Heap after GC invocations=35 (full 3):
 PSYoungGen      total 15872K, used 2970K [0x00000000eab00000, 0x00000000ebf80000, 0x0000000100000000)
  eden space 12800K, 0% used [0x00000000eab00000,0x00000000eab00000,0x00000000eb780000)
  from space 3072K, 96% used [0x00000000eb900000,0x00000000ebbe6a58,0x00000000ebc00000)
  to   space 3584K, 0% used [0x00000000ebc00000,0x00000000ebc00000,0x00000000ebf80000)
 ParOldGen       total 93696K, used 67669K [0x00000000c0000000, 0x00000000c5b80000, 0x00000000eab00000)
  object space 93696K, 72% used [0x00000000c0000000,0x00000000c4215680,0x00000000c5b80000)
 Metaspace       used 51153K, committed 52160K, reserved 1114112K
  class space    used 5371K, committed 5760K, reserved 1048576K
}
Event: 31.429 GC heap before
{Heap before GC invocations=36 (full 3):
 PSYoungGen      total 15872K, used 15770K [0x00000000eab00000, 0x00000000ebf80000, 0x0000000100000000)
  eden space 12800K, 100% used [0x00000000eab00000,0x00000000eb780000,0x00000000eb780000)
  from space 3072K, 96% used [0x00000000eb900000,0x00000000ebbe6a58,0x00000000ebc00000)
  to   space 3584K, 0% used [0x00000000ebc00000,0x00000000ebc00000,0x00000000ebf80000)
 ParOldGen       total 93696K, used 67669K [0x00000000c0000000, 0x00000000c5b80000, 0x00000000eab00000)
  object space 93696K, 72% used [0x00000000c0000000,0x00000000c4215680,0x00000000c5b80000)
 Metaspace       used 51153K, committed 52160K, reserved 1114112K
  class space    used 5371K, committed 5760K, reserved 1048576K
}
Event: 31.434 GC heap after
{Heap after GC invocations=36 (full 3):
 PSYoungGen      total 15872K, used 2947K [0x00000000eab00000, 0x00000000ebf00000, 0x0000000100000000)
  eden space 12800K, 0% used [0x00000000eab00000,0x00000000eab00000,0x00000000eb780000)
  from space 3072K, 95% used [0x00000000ebc00000,0x00000000ebee0cc8,0x00000000ebf00000)
  to   space 3072K, 0% used [0x00000000eb900000,0x00000000eb900000,0x00000000ebc00000)
 ParOldGen       total 93696K, used 70509K [0x00000000c0000000, 0x00000000c5b80000, 0x00000000eab00000)
  object space 93696K, 75% used [0x00000000c0000000,0x00000000c44db480,0x00000000c5b80000)
 Metaspace       used 51153K, committed 52160K, reserved 1114112K
  class space    used 5371K, committed 5760K, reserved 1048576K
}
Event: 31.540 GC heap before
{Heap before GC invocations=37 (full 3):
 PSYoungGen      total 15872K, used 15747K [0x00000000eab00000, 0x00000000ebf00000, 0x0000000100000000)
  eden space 12800K, 100% used [0x00000000eab00000,0x00000000eb780000,0x00000000eb780000)
  from space 3072K, 95% used [0x00000000ebc00000,0x00000000ebee0cc8,0x00000000ebf00000)
  to   space 3072K, 0% used [0x00000000eb900000,0x00000000eb900000,0x00000000ebc00000)
 ParOldGen       total 93696K, used 70509K [0x00000000c0000000, 0x00000000c5b80000, 0x00000000eab00000)
  object space 93696K, 75% used [0x00000000c0000000,0x00000000c44db480,0x00000000c5b80000)
 Metaspace       used 51153K, committed 52160K, reserved 1114112K
  class space    used 5371K, committed 5760K, reserved 1048576K
}
Event: 31.545 GC heap after
{Heap after GC invocations=37 (full 3):
 PSYoungGen      total 15872K, used 3046K [0x00000000eab00000, 0x00000000ec480000, 0x0000000100000000)
  eden space 12800K, 0% used [0x00000000eab00000,0x00000000eab00000,0x00000000eb780000)
  from space 3072K, 99% used [0x00000000eb900000,0x00000000ebbf9970,0x00000000ebc00000)
  to   space 6656K, 0% used [0x00000000ebe00000,0x00000000ebe00000,0x00000000ec480000)
 ParOldGen       total 93696K, used 73413K [0x00000000c0000000, 0x00000000c5b80000, 0x00000000eab00000)
  object space 93696K, 78% used [0x00000000c0000000,0x00000000c47b1730,0x00000000c5b80000)
 Metaspace       used 51153K, committed 52160K, reserved 1114112K
  class space    used 5371K, committed 5760K, reserved 1048576K
}
Event: 32.064 GC heap before
{Heap before GC invocations=38 (full 3):
 PSYoungGen      total 15872K, used 15846K [0x00000000eab00000, 0x00000000ec480000, 0x0000000100000000)
  eden space 12800K, 100% used [0x00000000eab00000,0x00000000eb780000,0x00000000eb780000)
  from space 3072K, 99% used [0x00000000eb900000,0x00000000ebbf9970,0x00000000ebc00000)
  to   space 6656K, 0% used [0x00000000ebe00000,0x00000000ebe00000,0x00000000ec480000)
 ParOldGen       total 93696K, used 73413K [0x00000000c0000000, 0x00000000c5b80000, 0x00000000eab00000)
  object space 93696K, 78% used [0x00000000c0000000,0x00000000c47b1730,0x00000000c5b80000)
 Metaspace       used 51153K, committed 52160K, reserved 1114112K
  class space    used 5371K, committed 5760K, reserved 1048576K
}
Event: 32.069 GC heap after
{Heap after GC invocations=38 (full 3):
 PSYoungGen      total 15872K, used 2934K [0x00000000eab00000, 0x00000000ec100000, 0x0000000100000000)
  eden space 12800K, 0% used [0x00000000eab00000,0x00000000eab00000,0x00000000eb780000)
  from space 3072K, 95% used [0x00000000ebe00000,0x00000000ec0dd990,0x00000000ec100000)
  to   space 4096K, 0% used [0x00000000eb900000,0x00000000eb900000,0x00000000ebd00000)
 ParOldGen       total 93696K, used 76418K [0x00000000c0000000, 0x00000000c5b80000, 0x00000000eab00000)
  object space 93696K, 81% used [0x00000000c0000000,0x00000000c4aa08a8,0x00000000c5b80000)
 Metaspace       used 51153K, committed 52160K, reserved 1114112K
  class space    used 5371K, committed 5760K, reserved 1048576K
}
Event: 33.048 GC heap before
{Heap before GC invocations=39 (full 3):
 PSYoungGen      total 15872K, used 15734K [0x00000000eab00000, 0x00000000ec100000, 0x0000000100000000)
  eden space 12800K, 100% used [0x00000000eab00000,0x00000000eb780000,0x00000000eb780000)
  from space 3072K, 95% used [0x00000000ebe00000,0x00000000ec0dd990,0x00000000ec100000)
  to   space 4096K, 0% used [0x00000000eb900000,0x00000000eb900000,0x00000000ebd00000)
 ParOldGen       total 93696K, used 76418K [0x00000000c0000000, 0x00000000c5b80000, 0x00000000eab00000)
  object space 93696K, 81% used [0x00000000c0000000,0x00000000c4aa08a8,0x00000000c5b80000)
 Metaspace       used 51153K, committed 52160K, reserved 1114112K
  class space    used 5371K, committed 5760K, reserved 1048576K
}
Event: 33.056 GC heap after
{Heap after GC invocations=39 (full 3):
 PSYoungGen      total 15872K, used 2719K [0x00000000eab00000, 0x00000000ebe80000, 0x0000000100000000)
  eden space 12800K, 0% used [0x00000000eab00000,0x00000000eab00000,0x00000000eb780000)
  from space 3072K, 88% used [0x00000000eb900000,0x00000000ebba7e08,0x00000000ebc00000)
  to   space 2560K, 0% used [0x00000000ebc00000,0x00000000ebc00000,0x00000000ebe80000)
 ParOldGen       total 93696K, used 79236K [0x00000000c0000000, 0x00000000c5b80000, 0x00000000eab00000)
  object space 93696K, 84% used [0x00000000c0000000,0x00000000c4d61080,0x00000000c5b80000)
 Metaspace       used 51153K, committed 52160K, reserved 1114112K
  class space    used 5371K, committed 5760K, reserved 1048576K
}
Event: 33.185 GC heap before
{Heap before GC invocations=40 (full 3):
 PSYoungGen      total 15872K, used 15519K [0x00000000eab00000, 0x00000000ebe80000, 0x0000000100000000)
  eden space 12800K, 100% used [0x00000000eab00000,0x00000000eb780000,0x00000000eb780000)
  from space 3072K, 88% used [0x00000000eb900000,0x00000000ebba7e08,0x00000000ebc00000)
  to   space 2560K, 0% used [0x00000000ebc00000,0x00000000ebc00000,0x00000000ebe80000)
 ParOldGen       total 93696K, used 79236K [0x00000000c0000000, 0x00000000c5b80000, 0x00000000eab00000)
  object space 93696K, 84% used [0x00000000c0000000,0x00000000c4d61080,0x00000000c5b80000)
 Metaspace       used 51153K, committed 52160K, reserved 1114112K
  class space    used 5371K, committed 5760K, reserved 1048576K
}
Event: 33.191 GC heap after
{Heap after GC invocations=40 (full 3):
 PSYoungGen      total 13824K, used 2541K [0x00000000eab00000, 0x00000000ec380000, 0x0000000100000000)
  eden space 11264K, 0% used [0x00000000eab00000,0x00000000eab00000,0x00000000eb600000)
  from space 2560K, 99% used [0x00000000ebc00000,0x00000000ebe7b4e0,0x00000000ebe80000)
  to   space 6144K, 0% used [0x00000000eb600000,0x00000000eb600000,0x00000000ebc00000)
 ParOldGen       total 93696K, used 82137K [0x00000000c0000000, 0x00000000c5b80000, 0x00000000eab00000)
  object space 93696K, 87% used [0x00000000c0000000,0x00000000c5036410,0x00000000c5b80000)
 Metaspace       used 51153K, committed 52160K, reserved 1114112K
  class space    used 5371K, committed 5760K, reserved 1048576K
}
Event: 33.262 GC heap before
{Heap before GC invocations=41 (full 3):
 PSYoungGen      total 13824K, used 13805K [0x00000000eab00000, 0x00000000ec380000, 0x0000000100000000)
  eden space 11264K, 100% used [0x00000000eab00000,0x00000000eb600000,0x00000000eb600000)
  from space 2560K, 99% used [0x00000000ebc00000,0x00000000ebe7b4e0,0x00000000ebe80000)
  to   space 6144K, 0% used [0x00000000eb600000,0x00000000eb600000,0x00000000ebc00000)
 ParOldGen       total 93696K, used 82137K [0x00000000c0000000, 0x00000000c5b80000, 0x00000000eab00000)
  object space 93696K, 87% used [0x00000000c0000000,0x00000000c5036410,0x00000000c5b80000)
 Metaspace       used 51153K, committed 52160K, reserved 1114112K
  class space    used 5371K, committed 5760K, reserved 1048576K
}
Event: 33.267 GC heap after
{Heap after GC invocations=41 (full 3):
 PSYoungGen      total 14336K, used 2696K [0x00000000eab00000, 0x00000000ebe00000, 0x0000000100000000)
  eden space 11264K, 0% used [0x00000000eab00000,0x00000000eab00000,0x00000000eb600000)
  from space 3072K, 87% used [0x00000000eb600000,0x00000000eb8a2180,0x00000000eb900000)
  to   space 4096K, 0% used [0x00000000eba00000,0x00000000eba00000,0x00000000ebe00000)
 ParOldGen       total 93696K, used 84631K [0x00000000c0000000, 0x00000000c5b80000, 0x00000000eab00000)
  object space 93696K, 90% used [0x00000000c0000000,0x00000000c52a5c68,0x00000000c5b80000)
 Metaspace       used 51153K, committed 52160K, reserved 1114112K
  class space    used 5371K, committed 5760K, reserved 1048576K
}
Event: 33.472 GC heap before
{Heap before GC invocations=42 (full 3):
 PSYoungGen      total 14336K, used 13960K [0x00000000eab00000, 0x00000000ebe00000, 0x0000000100000000)
  eden space 11264K, 100% used [0x00000000eab00000,0x00000000eb600000,0x00000000eb600000)
  from space 3072K, 87% used [0x00000000eb600000,0x00000000eb8a2180,0x00000000eb900000)
  to   space 4096K, 0% used [0x00000000eba00000,0x00000000eba00000,0x00000000ebe00000)
 ParOldGen       total 93696K, used 84631K [0x00000000c0000000, 0x00000000c5b80000, 0x00000000eab00000)
  object space 93696K, 90% used [0x00000000c0000000,0x00000000c52a5c68,0x00000000c5b80000)
 Metaspace       used 51160K, committed 52160K, reserved 1114112K
  class space    used 5371K, committed 5760K, reserved 1048576K
}
Event: 33.477 GC heap after
{Heap after GC invocations=42 (full 3):
 PSYoungGen      total 14336K, used 2628K [0x00000000eab00000, 0x00000000ebd00000, 0x0000000100000000)
  eden space 11264K, 0% used [0x00000000eab00000,0x00000000eab00000,0x00000000eb600000)
  from space 3072K, 85% used [0x00000000eba00000,0x00000000ebc91270,0x00000000ebd00000)
  to   space 3072K, 0% used [0x00000000eb600000,0x00000000eb600000,0x00000000eb900000)
 ParOldGen       total 93696K, used 87217K [0x00000000c0000000, 0x00000000c5b80000, 0x00000000eab00000)
  object space 93696K, 93% used [0x00000000c0000000,0x00000000c552c7e8,0x00000000c5b80000)
 Metaspace       used 51160K, committed 52160K, reserved 1114112K
  class space    used 5371K, committed 5760K, reserved 1048576K
}

