# JRE version: OpenJDK Runtime Environment Temurin-17.0.13+11 (17.0.13+11) (build 17.0.13+11)
# Java VM: OpenJDK 64-Bit Server VM Temurin-17.0.13+11 (17.0.13+11, mixed mode, tiered, compressed oops, compressed class ptrs, parallel gc, windows-amd64)
GC Precious Log:
 CPUs: 4 total, 4 available
 Memory: 8103M
 Large Page Support: Disabled
 NUMA Support: Disabled
 Compressed Oops: Enabled (32-bit)
 Alignments: Space 512K, Generation 512K, Heap 2M
 Heap Min Capacity: 100M
 Heap Initial Capacity: 100M
 Heap Max Capacity: 1G
 Pre-touch: Disabled
 Parallel Workers: 4
Heap:
 PSYoungGen      total 7680K, used 7654K [0x00000000eab00000, 0x00000000eb400000, 0x0000000100000000)
  eden space 7168K, 100% used [0x00000000eab00000,0x00000000eb200000,0x00000000eb200000)
  from space 512K, 94% used [0x00000000eb200000,0x00000000eb2798a0,0x00000000eb280000)
  to   space 512K, 96% used [0x00000000eb280000,0x00000000eb2fc160,0x00000000eb300000)
 ParOldGen       total 198144K, used 192566K [0x00000000c0000000, 0x00000000cc180000, 0x00000000eab00000)
  object space 198144K, 97% used [0x00000000c0000000,0x00000000cbc0dab0,0x00000000cc180000)
 Metaspace       used 71961K, committed 73216K, reserved 1179648K
  class space    used 7395K, committed 7936K, reserved 1048576K
GC Heap History (20 events):
Event: 41.691 GC heap after
{Heap after GC invocations=210 (full 7):
 PSYoungGen      total 6656K, used 716K [0x00000000eab00000, 0x00000000eb300000, 0x0000000100000000)
  eden space 5632K, 0% used [0x00000000eab00000,0x00000000eab00000,0x00000000eb080000)
  from space 1024K, 69% used [0x00000000eb200000,0x00000000eb2b3010,0x00000000eb300000)
  to   space 1024K, 0% used [0x00000000eb100000,0x00000000eb100000,0x00000000eb200000)
 ParOldGen       total 176128K, used 173255K [0x00000000c0000000, 0x00000000cac00000, 0x00000000eab00000)
  object space 176128K, 98% used [0x00000000c0000000,0x00000000ca931de0,0x00000000cac00000)
 Metaspace       used 71389K, committed 72640K, reserved 1114112K
  class space    used 7331K, committed 7872K, reserved 1048576K
}
Event: 41.691 GC heap before
{Heap before GC invocations=211 (full 7):
 PSYoungGen      total 6656K, used 716K [0x00000000eab00000, 0x00000000eb300000, 0x0000000100000000)
  eden space 5632K, 0% used [0x00000000eab00000,0x00000000eab00000,0x00000000eb080000)
  from space 1024K, 69% used [0x00000000eb200000,0x00000000eb2b3010,0x00000000eb300000)
  to   space 1024K, 0% used [0x00000000eb100000,0x00000000eb100000,0x00000000eb200000)
 ParOldGen       total 176128K, used 173255K [0x00000000c0000000, 0x00000000cac00000, 0x00000000eab00000)
  object space 176128K, 98% used [0x00000000c0000000,0x00000000ca931de0,0x00000000cac00000)
 Metaspace       used 71389K, committed 72640K, reserved 1114112K
  class space    used 7331K, committed 7872K, reserved 1048576K
}
Event: 41.693 GC heap after
{Heap after GC invocations=211 (full 7):
 PSYoungGen      total 7168K, used 0K [0x00000000eab00000, 0x00000000eb300000, 0x0000000100000000)
  eden space 6144K, 0% used [0x00000000eab00000,0x00000000eab00000,0x00000000eb100000)
  from space 1024K, 0% used [0x00000000eb100000,0x00000000eb100000,0x00000000eb200000)
  to   space 512K, 0% used [0x00000000eb280000,0x00000000eb280000,0x00000000eb300000)
 ParOldGen       total 176128K, used 173890K [0x00000000c0000000, 0x00000000cac00000, 0x00000000eab00000)
  object space 176128K, 98% used [0x00000000c0000000,0x00000000ca9d0a10,0x00000000cac00000)
 Metaspace       used 71389K, committed 72640K, reserved 1114112K
  class space    used 7331K, committed 7872K, reserved 1048576K
}
Event: 41.693 GC heap before
{Heap before GC invocations=212 (full 8):
 PSYoungGen      total 7168K, used 0K [0x00000000eab00000, 0x00000000eb300000, 0x0000000100000000)
  eden space 6144K, 0% used [0x00000000eab00000,0x00000000eab00000,0x00000000eb100000)
  from space 1024K, 0% used [0x00000000eb100000,0x00000000eb100000,0x00000000eb200000)
  to   space 512K, 0% used [0x00000000eb280000,0x00000000eb280000,0x00000000eb300000)
 ParOldGen       total 176128K, used 173890K [0x00000000c0000000, 0x00000000cac00000, 0x00000000eab00000)
  object space 176128K, 98% used [0x00000000c0000000,0x00000000ca9d0a10,0x00000000cac00000)
 Metaspace       used 71389K, committed 72640K, reserved 1114112K
  class space    used 7331K, committed 7872K, reserved 1048576K
}
Event: 41.924 GC heap after
{Heap after GC invocations=212 (full 8):
 PSYoungGen      total 7680K, used 0K [0x00000000eab00000, 0x00000000eb380000, 0x0000000100000000)
  eden space 7168K, 0% used [0x00000000eab00000,0x00000000eab00000,0x00000000eb200000)
  from space 512K, 0% used [0x00000000eb280000,0x00000000eb280000,0x00000000eb300000)
  to   space 512K, 0% used [0x00000000eb200000,0x00000000eb200000,0x00000000eb280000)
 ParOldGen       total 190464K, used 164771K [0x00000000c0000000, 0x00000000cba00000, 0x00000000eab00000)
  object space 190464K, 86% used [0x00000000c0000000,0x00000000ca0e8f10,0x00000000cba00000)
 Metaspace       used 71389K, committed 72640K, reserved 1114112K
  class space    used 7331K, committed 7872K, reserved 1048576K
}
Event: 42.036 GC heap before
{Heap before GC invocations=213 (full 8):
 PSYoungGen      total 7680K, used 7168K [0x00000000eab00000, 0x00000000eb380000, 0x0000000100000000)
  eden space 7168K, 100% used [0x00000000eab00000,0x00000000eb200000,0x00000000eb200000)
  from space 512K, 0% used [0x00000000eb280000,0x00000000eb280000,0x00000000eb300000)
  to   space 512K, 0% used [0x00000000eb200000,0x00000000eb200000,0x00000000eb280000)
 ParOldGen       total 201728K, used 191101K [0x00000000c0000000, 0x00000000cc500000, 0x00000000eab00000)
  object space 201728K, 94% used [0x00000000c0000000,0x00000000cba9f4c0,0x00000000cc500000)
 Metaspace       used 71521K, committed 72704K, reserved 1114112K
  class space    used 7363K, committed 7872K, reserved 1048576K
}
Event: 42.042 GC heap after
{Heap after GC invocations=213 (full 8):
 PSYoungGen      total 7680K, used 512K [0x00000000eab00000, 0x00000000eb380000, 0x0000000100000000)
  eden space 7168K, 0% used [0x00000000eab00000,0x00000000eab00000,0x00000000eb200000)
  from space 512K, 100% used [0x00000000eb200000,0x00000000eb280000,0x00000000eb280000)
  to   space 512K, 0% used [0x00000000eb280000,0x00000000eb280000,0x00000000eb300000)
 ParOldGen       total 201728K, used 192009K [0x00000000c0000000, 0x00000000cc500000, 0x00000000eab00000)
  object space 201728K, 95% used [0x00000000c0000000,0x00000000cbb826e8,0x00000000cc500000)
 Metaspace       used 71521K, committed 72704K, reserved 1114112K
  class space    used 7363K, committed 7872K, reserved 1048576K
}
Event: 42.081 GC heap before
{Heap before GC invocations=214 (full 8):
 PSYoungGen      total 7680K, used 2378K [0x00000000eab00000, 0x00000000eb380000, 0x0000000100000000)
  eden space 7168K, 26% used [0x00000000eab00000,0x00000000eacd2b90,0x00000000eb200000)
  from space 512K, 100% used [0x00000000eb200000,0x00000000eb280000,0x00000000eb280000)
  to   space 512K, 0% used [0x00000000eb280000,0x00000000eb280000,0x00000000eb300000)
 ParOldGen       total 201728K, used 192009K [0x00000000c0000000, 0x00000000cc500000, 0x00000000eab00000)
  object space 201728K, 95% used [0x00000000c0000000,0x00000000cbb826e8,0x00000000cc500000)
 Metaspace       used 71537K, committed 72768K, reserved 1114112K
  class space    used 7363K, committed 7872K, reserved 1048576K
}
Event: 42.102 GC heap after
{Heap after GC invocations=214 (full 8):
 PSYoungGen      total 7680K, used 485K [0x00000000eab00000, 0x00000000eb380000, 0x0000000100000000)
  eden space 7168K, 0% used [0x00000000eab00000,0x00000000eab00000,0x00000000eb200000)
  from space 512K, 94% used [0x00000000eb280000,0x00000000eb2f9470,0x00000000eb300000)
  to   space 512K, 0% used [0x00000000eb200000,0x00000000eb200000,0x00000000eb280000)
 ParOldGen       total 201728K, used 192606K [0x00000000c0000000, 0x00000000cc500000, 0x00000000eab00000)
  object space 201728K, 95% used [0x00000000c0000000,0x00000000cbc17938,0x00000000cc500000)
 Metaspace       used 71537K, committed 72768K, reserved 1114112K
  class space    used 7363K, committed 7872K, reserved 1048576K
}
Event: 42.103 GC heap before
{Heap before GC invocations=215 (full 8):
 PSYoungGen      total 7680K, used 485K [0x00000000eab00000, 0x00000000eb380000, 0x0000000100000000)
  eden space 7168K, 0% used [0x00000000eab00000,0x00000000eab00000,0x00000000eb200000)
  from space 512K, 94% used [0x00000000eb280000,0x00000000eb2f9470,0x00000000eb300000)
  to   space 512K, 0% used [0x00000000eb200000,0x00000000eb200000,0x00000000eb280000)
 ParOldGen       total 201728K, used 192606K [0x00000000c0000000, 0x00000000cc500000, 0x00000000eab00000)
  object space 201728K, 95% used [0x00000000c0000000,0x00000000cbc17938,0x00000000cc500000)
 Metaspace       used 71537K, committed 72768K, reserved 1114112K
  class space    used 7363K, committed 7872K, reserved 1048576K
}
Event: 42.105 GC heap after
{Heap after GC invocations=215 (full 8):
 PSYoungGen      total 7680K, used 0K [0x00000000eab00000, 0x00000000eb380000, 0x0000000100000000)
  eden space 7168K, 0% used [0x00000000eab00000,0x00000000eab00000,0x00000000eb200000)
  from space 512K, 0% used [0x00000000eb200000,0x00000000eb200000,0x00000000eb280000)
  to   space 512K, 0% used [0x00000000eb280000,0x00000000eb280000,0x00000000eb300000)
 ParOldGen       total 201728K, used 193065K [0x00000000c0000000, 0x00000000cc500000, 0x00000000eab00000)
  object space 201728K, 95% used [0x00000000c0000000,0x00000000cbc8a588,0x00000000cc500000)
 Metaspace       used 71537K, committed 72768K, reserved 1114112K
  class space    used 7363K, committed 7872K, reserved 1048576K
}
Event: 42.105 GC heap before
{Heap before GC invocations=216 (full 9):
 PSYoungGen      total 7680K, used 0K [0x00000000eab00000, 0x00000000eb380000, 0x0000000100000000)
  eden space 7168K, 0% used [0x00000000eab00000,0x00000000eab00000,0x00000000eb200000)
  from space 512K, 0% used [0x00000000eb200000,0x00000000eb200000,0x00000000eb280000)
  to   space 512K, 0% used [0x00000000eb280000,0x00000000eb280000,0x00000000eb300000)
 ParOldGen       total 201728K, used 193065K [0x00000000c0000000, 0x00000000cc500000, 0x00000000eab00000)
  object space 201728K, 95% used [0x00000000c0000000,0x00000000cbc8a588,0x00000000cc500000)
 Metaspace       used 71537K, committed 72768K, reserved 1114112K
  class space    used 7363K, committed 7872K, reserved 1048576K
}
Event: 42.332 GC heap after
{Heap after GC invocations=216 (full 9):
 PSYoungGen      total 7680K, used 0K [0x00000000eab00000, 0x00000000eb400000, 0x0000000100000000)
  eden space 7168K, 0% used [0x00000000eab00000,0x00000000eab00000,0x00000000eb200000)
  from space 512K, 0% used [0x00000000eb280000,0x00000000eb280000,0x00000000eb300000)
  to   space 512K, 0% used [0x00000000eb200000,0x00000000eb200000,0x00000000eb280000)
 ParOldGen       total 198144K, used 169762K [0x00000000c0000000, 0x00000000cc180000, 0x00000000eab00000)
  object space 198144K, 85% used [0x00000000c0000000,0x00000000ca5c8868,0x00000000cc180000)
 Metaspace       used 71537K, committed 72768K, reserved 1114112K
  class space    used 7363K, committed 7872K, reserved 1048576K
}
Event: 42.442 GC heap before
{Heap before GC invocations=217 (full 9):
 PSYoungGen      total 7680K, used 7168K [0x00000000eab00000, 0x00000000eb400000, 0x0000000100000000)
  eden space 7168K, 100% used [0x00000000eab00000,0x00000000eb200000,0x00000000eb200000)
  from space 512K, 0% used [0x00000000eb280000,0x00000000eb280000,0x00000000eb300000)
  to   space 512K, 0% used [0x00000000eb200000,0x00000000eb200000,0x00000000eb280000)
 ParOldGen       total 198144K, used 180771K [0x00000000c0000000, 0x00000000cc180000, 0x00000000eab00000)
  object space 198144K, 91% used [0x00000000c0000000,0x00000000cb088e08,0x00000000cc180000)
 Metaspace       used 71556K, committed 72768K, reserved 1114112K
  class space    used 7363K, committed 7872K, reserved 1048576K
}
Event: 42.448 GC heap after
{Heap after GC invocations=217 (full 9):
 PSYoungGen      total 7680K, used 512K [0x00000000eab00000, 0x00000000eb400000, 0x0000000100000000)
  eden space 7168K, 0% used [0x00000000eab00000,0x00000000eab00000,0x00000000eb200000)
  from space 512K, 100% used [0x00000000eb200000,0x00000000eb280000,0x00000000eb280000)
  to   space 512K, 0% used [0x00000000eb280000,0x00000000eb280000,0x00000000eb300000)
 ParOldGen       total 198144K, used 183007K [0x00000000c0000000, 0x00000000cc180000, 0x00000000eab00000)
  object space 198144K, 92% used [0x00000000c0000000,0x00000000cb2b7f48,0x00000000cc180000)
 Metaspace       used 71556K, committed 72768K, reserved 1114112K
  class space    used 7363K, committed 7872K, reserved 1048576K
}
Event: 42.476 GC heap before
{Heap before GC invocations=218 (full 9):
 PSYoungGen      total 7680K, used 7680K [0x00000000eab00000, 0x00000000eb400000, 0x0000000100000000)
  eden space 7168K, 100% used [0x00000000eab00000,0x00000000eb200000,0x00000000eb200000)
  from space 512K, 100% used [0x00000000eb200000,0x00000000eb280000,0x00000000eb280000)
  to   space 512K, 0% used [0x00000000eb280000,0x00000000eb280000,0x00000000eb300000)
 ParOldGen       total 198144K, used 183007K [0x00000000c0000000, 0x00000000cc180000, 0x00000000eab00000)
  object space 198144K, 92% used [0x00000000c0000000,0x00000000cb2b7f48,0x00000000cc180000)
 Metaspace       used 71657K, committed 72832K, reserved 1179648K
  class space    used 7366K, committed 7872K, reserved 1048576K
}
Event: 42.482 GC heap after
{Heap after GC invocations=218 (full 9):
 PSYoungGen      total 7680K, used 487K [0x00000000eab00000, 0x00000000eb400000, 0x0000000100000000)
  eden space 7168K, 0% used [0x00000000eab00000,0x00000000eab00000,0x00000000eb200000)
  from space 512K, 95% used [0x00000000eb280000,0x00000000eb2f9fe8,0x00000000eb300000)
  to   space 512K, 0% used [0x00000000eb200000,0x00000000eb200000,0x00000000eb280000)
 ParOldGen       total 198144K, used 185872K [0x00000000c0000000, 0x00000000cc180000, 0x00000000eab00000)
  object space 198144K, 93% used [0x00000000c0000000,0x00000000cb5841e0,0x00000000cc180000)
 Metaspace       used 71657K, committed 72832K, reserved 1179648K
  class space    used 7366K, committed 7872K, reserved 1048576K
}
Event: 42.537 GC heap before
{Heap before GC invocations=219 (full 9):
 PSYoungGen      total 7680K, used 7655K [0x00000000eab00000, 0x00000000eb400000, 0x0000000100000000)
  eden space 7168K, 100% used [0x00000000eab00000,0x00000000eb200000,0x00000000eb200000)
  from space 512K, 95% used [0x00000000eb280000,0x00000000eb2f9fe8,0x00000000eb300000)
  to   space 512K, 0% used [0x00000000eb200000,0x00000000eb200000,0x00000000eb280000)
 ParOldGen       total 198144K, used 185872K [0x00000000c0000000, 0x00000000cc180000, 0x00000000eab00000)
  object space 198144K, 93% used [0x00000000c0000000,0x00000000cb5841e0,0x00000000cc180000)
 Metaspace       used 71792K, committed 72960K, reserved 1179648K
  class space    used 7378K, committed 7872K, reserved 1048576K
}
Event: 42.546 GC heap after
{Heap after GC invocations=219 (full 9):
 PSYoungGen      total 7680K, used 486K [0x00000000eab00000, 0x00000000eb400000, 0x0000000100000000)
  eden space 7168K, 0% used [0x00000000eab00000,0x00000000eab00000,0x00000000eb200000)
  from space 512K, 94% used [0x00000000eb200000,0x00000000eb2798a0,0x00000000eb280000)
  to   space 512K, 0% used [0x00000000eb280000,0x00000000eb280000,0x00000000eb300000)
 ParOldGen       total 198144K, used 189097K [0x00000000c0000000, 0x00000000cc180000, 0x00000000eab00000)
  object space 198144K, 95% used [0x00000000c0000000,0x00000000cb8aa6d8,0x00000000cc180000)
 Metaspace       used 71792K, committed 72960K, reserved 1179648K
  class space    used 7378K, committed 7872K, reserved 1048576K
}
Event: 42.600 GC heap before
{Heap before GC invocations=220 (full 9):
 PSYoungGen      total 7680K, used 7654K [0x00000000eab00000, 0x00000000eb400000, 0x0000000100000000)
  eden space 7168K, 100% used [0x00000000eab00000,0x00000000eb200000,0x00000000eb200000)
  from space 512K, 94% used [0x00000000eb200000,0x00000000eb2798a0,0x00000000eb280000)
  to   space 512K, 0% used [0x00000000eb280000,0x00000000eb280000,0x00000000eb300000)
 ParOldGen       total 198144K, used 189097K [0x00000000c0000000, 0x00000000cc180000, 0x00000000eab00000)
  object space 198144K, 95% used [0x00000000c0000000,0x00000000cb8aa6d8,0x00000000cc180000)
 Metaspace       used 71961K, committed 73216K, reserved 1179648K
  class space    used 7395K, committed 7936K, reserved 1048576K
}

