# JRE version: OpenJDK Runtime Environment Temurin-17.0.13+11 (17.0.13+11) (build 17.0.13+11)
# Java VM: OpenJDK 64-Bit Server VM Temurin-17.0.13+11 (17.0.13+11, mixed mode, tiered, compressed oops, compressed class ptrs, parallel gc, windows-amd64)
GC Precious Log:
 CPUs: 4 total, 4 available
 Memory: 8103M
 Large Page Support: Disabled
 NUMA Support: Disabled
 Compressed Oops: Enabled (32-bit)
 Alignments: Space 512K, Generation 512K, Heap 2M
 Heap Min Capacity: 100M
 Heap Initial Capacity: 100M
 Heap Max Capacity: 1G
 Pre-touch: Disabled
 Parallel Workers: 4
Heap:
 PSYoungGen      total 21504K, used 8714K [0x00000000eab00000, 0x00000000ec780000, 0x0000000100000000)
  eden space 13824K, 10% used [0x00000000eab00000,0x00000000eac68c30,0x00000000eb880000)
  from space 7680K, 94% used [0x00000000ec000000,0x00000000ec719d80,0x00000000ec780000)
  to   space 7680K, 0% used [0x00000000eb880000,0x00000000eb880000,0x00000000ec000000)
 ParOldGen       total 146944K, used 140709K [0x00000000c0000000, 0x00000000c8f80000, 0x00000000eab00000)
  object space 146944K, 95% used [0x00000000c0000000,0x00000000c8969698,0x00000000c8f80000)
 Metaspace       used 73203K, committed 74304K, reserved 1179648K
  class space    used 7708K, committed 8192K, reserved 1048576K
GC Heap History (20 events):
Event: 68.611 GC heap before
{Heap before GC invocations=63 (full 5):
 PSYoungGen      total 18944K, used 18930K [0x00000000eab00000, 0x00000000ec980000, 0x0000000100000000)
  eden space 13824K, 99% used [0x00000000eab00000,0x00000000eb87fd98,0x00000000eb880000)
  from space 5120K, 99% used [0x00000000eb980000,0x00000000ebe7cd88,0x00000000ebe80000)
  to   space 8704K, 0% used [0x00000000ec100000,0x00000000ec100000,0x00000000ec980000)
 ParOldGen       total 119808K, used 109716K [0x00000000c0000000, 0x00000000c7500000, 0x00000000eab00000)
  object space 119808K, 91% used [0x00000000c0000000,0x00000000c6b253d8,0x00000000c7500000)
 Metaspace       used 69946K, committed 71040K, reserved 1114112K
  class space    used 7298K, committed 7744K, reserved 1048576K
}
Event: 68.621 GC heap after
{Heap after GC invocations=63 (full 5):
 PSYoungGen      total 16896K, used 3007K [0x00000000eab00000, 0x00000000ec400000, 0x0000000100000000)
  eden space 13824K, 0% used [0x00000000eab00000,0x00000000eab00000,0x00000000eb880000)
  from space 3072K, 97% used [0x00000000ec100000,0x00000000ec3eff10,0x00000000ec400000)
  to   space 5120K, 0% used [0x00000000eba00000,0x00000000eba00000,0x00000000ebf00000)
 ParOldGen       total 119808K, used 114643K [0x00000000c0000000, 0x00000000c7500000, 0x00000000eab00000)
  object space 119808K, 95% used [0x00000000c0000000,0x00000000c6ff4dc0,0x00000000c7500000)
 Metaspace       used 69946K, committed 71040K, reserved 1114112K
  class space    used 7298K, committed 7744K, reserved 1048576K
}
Event: 68.960 GC heap before
{Heap before GC invocations=64 (full 6):
 PSYoungGen      total 16896K, used 16831K [0x00000000eab00000, 0x00000000ec400000, 0x0000000100000000)
  eden space 13824K, 100% used [0x00000000eab00000,0x00000000eb880000,0x00000000eb880000)
  from space 3072K, 97% used [0x00000000ec100000,0x00000000ec3eff10,0x00000000ec400000)
  to   space 5120K, 0% used [0x00000000eba00000,0x00000000eba00000,0x00000000ebf00000)
 ParOldGen       total 119808K, used 114643K [0x00000000c0000000, 0x00000000c7500000, 0x00000000eab00000)
  object space 119808K, 95% used [0x00000000c0000000,0x00000000c6ff4dc0,0x00000000c7500000)
 Metaspace       used 70035K, committed 71104K, reserved 1114112K
  class space    used 7311K, committed 7744K, reserved 1048576K
}
Event: 69.182 GC heap after
{Heap after GC invocations=64 (full 6):
 PSYoungGen      total 14336K, used 0K [0x00000000eab00000, 0x00000000ec280000, 0x0000000100000000)
  eden space 13824K, 0% used [0x00000000eab00000,0x00000000eab00000,0x00000000eb880000)
  from space 512K, 0% used [0x00000000eba00000,0x00000000eba00000,0x00000000eba80000)
  to   space 5120K, 0% used [0x00000000ebd80000,0x00000000ebd80000,0x00000000ec280000)
 ParOldGen       total 146944K, used 117209K [0x00000000c0000000, 0x00000000c8f80000, 0x00000000eab00000)
  object space 146944K, 79% used [0x00000000c0000000,0x00000000c72766c8,0x00000000c8f80000)
 Metaspace       used 70035K, committed 71104K, reserved 1114112K
  class space    used 7311K, committed 7744K, reserved 1048576K
}
Event: 69.928 GC heap before
{Heap before GC invocations=65 (full 6):
 PSYoungGen      total 14336K, used 13824K [0x00000000eab00000, 0x00000000ec280000, 0x0000000100000000)
  eden space 13824K, 100% used [0x00000000eab00000,0x00000000eb880000,0x00000000eb880000)
  from space 512K, 0% used [0x00000000eba00000,0x00000000eba00000,0x00000000eba80000)
  to   space 5120K, 0% used [0x00000000ebd80000,0x00000000ebd80000,0x00000000ec280000)
 ParOldGen       total 146944K, used 117209K [0x00000000c0000000, 0x00000000c8f80000, 0x00000000eab00000)
  object space 146944K, 79% used [0x00000000c0000000,0x00000000c72766c8,0x00000000c8f80000)
 Metaspace       used 70164K, committed 71232K, reserved 1114112K
  class space    used 7328K, committed 7808K, reserved 1048576K
}
Event: 69.936 GC heap after
{Heap after GC invocations=65 (full 6):
 PSYoungGen      total 17408K, used 3287K [0x00000000eab00000, 0x00000000ec100000, 0x0000000100000000)
  eden space 13824K, 0% used [0x00000000eab00000,0x00000000eab00000,0x00000000eb880000)
  from space 3584K, 91% used [0x00000000ebd80000,0x00000000ec0b5da0,0x00000000ec100000)
  to   space 3584K, 0% used [0x00000000eba00000,0x00000000eba00000,0x00000000ebd80000)
 ParOldGen       total 146944K, used 117217K [0x00000000c0000000, 0x00000000c8f80000, 0x00000000eab00000)
  object space 146944K, 79% used [0x00000000c0000000,0x00000000c72786c8,0x00000000c8f80000)
 Metaspace       used 70164K, committed 71232K, reserved 1114112K
  class space    used 7328K, committed 7808K, reserved 1048576K
}
Event: 70.364 GC heap before
{Heap before GC invocations=66 (full 6):
 PSYoungGen      total 17408K, used 17111K [0x00000000eab00000, 0x00000000ec100000, 0x0000000100000000)
  eden space 13824K, 100% used [0x00000000eab00000,0x00000000eb880000,0x00000000eb880000)
  from space 3584K, 91% used [0x00000000ebd80000,0x00000000ec0b5da0,0x00000000ec100000)
  to   space 3584K, 0% used [0x00000000eba00000,0x00000000eba00000,0x00000000ebd80000)
 ParOldGen       total 146944K, used 117217K [0x00000000c0000000, 0x00000000c8f80000, 0x00000000eab00000)
  object space 146944K, 79% used [0x00000000c0000000,0x00000000c72786c8,0x00000000c8f80000)
 Metaspace       used 70182K, committed 71232K, reserved 1114112K
  class space    used 7330K, committed 7808K, reserved 1048576K
}
Event: 70.377 GC heap after
{Heap after GC invocations=66 (full 6):
 PSYoungGen      total 17408K, used 3566K [0x00000000eab00000, 0x00000000ec680000, 0x0000000100000000)
  eden space 13824K, 0% used [0x00000000eab00000,0x00000000eab00000,0x00000000eb880000)
  from space 3584K, 99% used [0x00000000eba00000,0x00000000ebd7b938,0x00000000ebd80000)
  to   space 7168K, 0% used [0x00000000ebf80000,0x00000000ebf80000,0x00000000ec680000)
 ParOldGen       total 146944K, used 119811K [0x00000000c0000000, 0x00000000c8f80000, 0x00000000eab00000)
  object space 146944K, 81% used [0x00000000c0000000,0x00000000c7500d80,0x00000000c8f80000)
 Metaspace       used 70182K, committed 71232K, reserved 1114112K
  class space    used 7330K, committed 7808K, reserved 1048576K
}
Event: 70.643 GC heap before
{Heap before GC invocations=67 (full 6):
 PSYoungGen      total 17408K, used 17390K [0x00000000eab00000, 0x00000000ec680000, 0x0000000100000000)
  eden space 13824K, 100% used [0x00000000eab00000,0x00000000eb880000,0x00000000eb880000)
  from space 3584K, 99% used [0x00000000eba00000,0x00000000ebd7b938,0x00000000ebd80000)
  to   space 7168K, 0% used [0x00000000ebf80000,0x00000000ebf80000,0x00000000ec680000)
 ParOldGen       total 146944K, used 119811K [0x00000000c0000000, 0x00000000c8f80000, 0x00000000eab00000)
  object space 146944K, 81% used [0x00000000c0000000,0x00000000c7500d80,0x00000000c8f80000)
 Metaspace       used 70202K, committed 71296K, reserved 1114112K
  class space    used 7332K, committed 7808K, reserved 1048576K
}
Event: 70.652 GC heap after
{Heap after GC invocations=67 (full 6):
 PSYoungGen      total 18944K, used 4784K [0x00000000eab00000, 0x00000000ec480000, 0x0000000100000000)
  eden space 13824K, 0% used [0x00000000eab00000,0x00000000eab00000,0x00000000eb880000)
  from space 5120K, 93% used [0x00000000ebf80000,0x00000000ec42c2f0,0x00000000ec480000)
  to   space 5632K, 0% used [0x00000000eb980000,0x00000000eb980000,0x00000000ebf00000)
 ParOldGen       total 146944K, used 121605K [0x00000000c0000000, 0x00000000c8f80000, 0x00000000eab00000)
  object space 146944K, 82% used [0x00000000c0000000,0x00000000c76c14e8,0x00000000c8f80000)
 Metaspace       used 70202K, committed 71296K, reserved 1114112K
  class space    used 7332K, committed 7808K, reserved 1048576K
}
Event: 71.697 GC heap before
{Heap before GC invocations=68 (full 6):
 PSYoungGen      total 18944K, used 18604K [0x00000000eab00000, 0x00000000ec480000, 0x0000000100000000)
  eden space 13824K, 99% used [0x00000000eab00000,0x00000000eb87ef68,0x00000000eb880000)
  from space 5120K, 93% used [0x00000000ebf80000,0x00000000ec42c2f0,0x00000000ec480000)
  to   space 5632K, 0% used [0x00000000eb980000,0x00000000eb980000,0x00000000ebf00000)
 ParOldGen       total 146944K, used 121605K [0x00000000c0000000, 0x00000000c8f80000, 0x00000000eab00000)
  object space 146944K, 82% used [0x00000000c0000000,0x00000000c76c14e8,0x00000000c8f80000)
 Metaspace       used 70413K, committed 71488K, reserved 1114112K
  class space    used 7367K, committed 7808K, reserved 1048576K
}
Event: 71.706 GC heap after
{Heap after GC invocations=68 (full 6):
 PSYoungGen      total 19456K, used 5631K [0x00000000eab00000, 0x00000000ec780000, 0x0000000100000000)
  eden space 13824K, 0% used [0x00000000eab00000,0x00000000eab00000,0x00000000eb880000)
  from space 5632K, 99% used [0x00000000eb980000,0x00000000ebeffe70,0x00000000ebf00000)
  to   space 7680K, 0% used [0x00000000ec000000,0x00000000ec000000,0x00000000ec780000)
 ParOldGen       total 146944K, used 122974K [0x00000000c0000000, 0x00000000c8f80000, 0x00000000eab00000)
  object space 146944K, 83% used [0x00000000c0000000,0x00000000c78179d8,0x00000000c8f80000)
 Metaspace       used 70413K, committed 71488K, reserved 1114112K
  class space    used 7367K, committed 7808K, reserved 1048576K
}
Event: 74.024 GC heap before
{Heap before GC invocations=69 (full 6):
 PSYoungGen      total 19456K, used 19455K [0x00000000eab00000, 0x00000000ec780000, 0x0000000100000000)
  eden space 13824K, 100% used [0x00000000eab00000,0x00000000eb880000,0x00000000eb880000)
  from space 5632K, 99% used [0x00000000eb980000,0x00000000ebeffe70,0x00000000ebf00000)
  to   space 7680K, 0% used [0x00000000ec000000,0x00000000ec000000,0x00000000ec780000)
 ParOldGen       total 146944K, used 122974K [0x00000000c0000000, 0x00000000c8f80000, 0x00000000eab00000)
  object space 146944K, 83% used [0x00000000c0000000,0x00000000c78179d8,0x00000000c8f80000)
 Metaspace       used 71181K, committed 72256K, reserved 1114112K
  class space    used 7465K, committed 7936K, reserved 1048576K
}
Event: 74.031 GC heap after
{Heap after GC invocations=69 (full 6):
 PSYoungGen      total 17920K, used 3868K [0x00000000eab00000, 0x00000000ec400000, 0x0000000100000000)
  eden space 13824K, 0% used [0x00000000eab00000,0x00000000eab00000,0x00000000eb880000)
  from space 4096K, 94% used [0x00000000ec000000,0x00000000ec3c7358,0x00000000ec400000)
  to   space 5120K, 0% used [0x00000000eba00000,0x00000000eba00000,0x00000000ebf00000)
 ParOldGen       total 146944K, used 126672K [0x00000000c0000000, 0x00000000c8f80000, 0x00000000eab00000)
  object space 146944K, 86% used [0x00000000c0000000,0x00000000c7bb4070,0x00000000c8f80000)
 Metaspace       used 71181K, committed 72256K, reserved 1114112K
  class space    used 7465K, committed 7936K, reserved 1048576K
}
Event: 74.471 GC heap before
{Heap before GC invocations=70 (full 6):
 PSYoungGen      total 17920K, used 17692K [0x00000000eab00000, 0x00000000ec400000, 0x0000000100000000)
  eden space 13824K, 100% used [0x00000000eab00000,0x00000000eb880000,0x00000000eb880000)
  from space 4096K, 94% used [0x00000000ec000000,0x00000000ec3c7358,0x00000000ec400000)
  to   space 5120K, 0% used [0x00000000eba00000,0x00000000eba00000,0x00000000ebf00000)
 ParOldGen       total 146944K, used 126672K [0x00000000c0000000, 0x00000000c8f80000, 0x00000000eab00000)
  object space 146944K, 86% used [0x00000000c0000000,0x00000000c7bb4070,0x00000000c8f80000)
 Metaspace       used 71300K, committed 72320K, reserved 1114112K
  class space    used 7488K, committed 7936K, reserved 1048576K
}
Event: 74.477 GC heap after
{Heap after GC invocations=70 (full 6):
 PSYoungGen      total 18944K, used 5111K [0x00000000eab00000, 0x00000000ec780000, 0x0000000100000000)
  eden space 13824K, 0% used [0x00000000eab00000,0x00000000eab00000,0x00000000eb880000)
  from space 5120K, 99% used [0x00000000eba00000,0x00000000ebefdcb8,0x00000000ebf00000)
  to   space 7680K, 0% used [0x00000000ec000000,0x00000000ec000000,0x00000000ec780000)
 ParOldGen       total 146944K, used 128551K [0x00000000c0000000, 0x00000000c8f80000, 0x00000000eab00000)
  object space 146944K, 87% used [0x00000000c0000000,0x00000000c7d89ee8,0x00000000c8f80000)
 Metaspace       used 71300K, committed 72320K, reserved 1114112K
  class space    used 7488K, committed 7936K, reserved 1048576K
}
Event: 75.052 GC heap before
{Heap before GC invocations=71 (full 6):
 PSYoungGen      total 18944K, used 18927K [0x00000000eab00000, 0x00000000ec780000, 0x0000000100000000)
  eden space 13824K, 99% used [0x00000000eab00000,0x00000000eb87e060,0x00000000eb880000)
  from space 5120K, 99% used [0x00000000eba00000,0x00000000ebefdcb8,0x00000000ebf00000)
  to   space 7680K, 0% used [0x00000000ec000000,0x00000000ec000000,0x00000000ec780000)
 ParOldGen       total 146944K, used 128551K [0x00000000c0000000, 0x00000000c8f80000, 0x00000000eab00000)
  object space 146944K, 87% used [0x00000000c0000000,0x00000000c7d89ee8,0x00000000c8f80000)
 Metaspace       used 71683K, committed 72768K, reserved 1114112K
  class space    used 7519K, committed 8000K, reserved 1048576K
}
Event: 75.060 GC heap after
{Heap after GC invocations=71 (full 6):
 PSYoungGen      total 18432K, used 4479K [0x00000000eab00000, 0x00000000ec480000, 0x0000000100000000)
  eden space 13824K, 0% used [0x00000000eab00000,0x00000000eab00000,0x00000000eb880000)
  from space 4608K, 97% used [0x00000000ec000000,0x00000000ec45fe00,0x00000000ec480000)
  to   space 5632K, 0% used [0x00000000eb980000,0x00000000eb980000,0x00000000ebf00000)
 ParOldGen       total 146944K, used 131294K [0x00000000c0000000, 0x00000000c8f80000, 0x00000000eab00000)
  object space 146944K, 89% used [0x00000000c0000000,0x00000000c8037820,0x00000000c8f80000)
 Metaspace       used 71683K, committed 72768K, reserved 1114112K
  class space    used 7519K, committed 8000K, reserved 1048576K
}
Event: 75.445 GC heap before
{Heap before GC invocations=72 (full 6):
 PSYoungGen      total 18432K, used 18303K [0x00000000eab00000, 0x00000000ec480000, 0x0000000100000000)
  eden space 13824K, 99% used [0x00000000eab00000,0x00000000eb87fff0,0x00000000eb880000)
  from space 4608K, 97% used [0x00000000ec000000,0x00000000ec45fe00,0x00000000ec480000)
  to   space 5632K, 0% used [0x00000000eb980000,0x00000000eb980000,0x00000000ebf00000)
 ParOldGen       total 146944K, used 131294K [0x00000000c0000000, 0x00000000c8f80000, 0x00000000eab00000)
  object space 146944K, 89% used [0x00000000c0000000,0x00000000c8037820,0x00000000c8f80000)
 Metaspace       used 72137K, committed 73152K, reserved 1179648K
  class space    used 7563K, committed 8000K, reserved 1048576K
}
Event: 75.456 GC heap after
{Heap after GC invocations=72 (full 6):
 PSYoungGen      total 19456K, used 5609K [0x00000000eab00000, 0x00000000ec780000, 0x0000000100000000)
  eden space 13824K, 0% used [0x00000000eab00000,0x00000000eab00000,0x00000000eb880000)
  from space 5632K, 99% used [0x00000000eb980000,0x00000000ebefa680,0x00000000ebf00000)
  to   space 7680K, 0% used [0x00000000ec000000,0x00000000ec000000,0x00000000ec780000)
 ParOldGen       total 146944K, used 132672K [0x00000000c0000000, 0x00000000c8f80000, 0x00000000eab00000)
  object space 146944K, 90% used [0x00000000c0000000,0x00000000c8190120,0x00000000c8f80000)
 Metaspace       used 72137K, committed 73152K, reserved 1179648K
  class space    used 7563K, committed 8000K, reserved 1048576K
}

